# JRE version: Java(TM) SE Runtime Environment (8.0_151-b12) (build 1.8.0_151-b12)
# Java VM: Java HotSpot(TM) 64-Bit Server VM (25.151-b12 mixed mode windows-amd64 compressed oops)
Heap:
 PSYoungGen      total 289280K, used 266240K [0x00000000d5d00000, 0x00000000f4400000, 0x0000000100000000)
  eden space 266240K, 100% used [0x00000000d5d00000,0x00000000e6100000,0x00000000e6100000)
  from space 23040K, 0% used [0x00000000e6100000,0x00000000e6100000,0x00000000e7780000)
  to   space 36352K, 13% used [0x00000000f2080000,0x00000000f25384b8,0x00000000f4400000)
 ParOldGen       total 119808K, used 47149K [0x0000000081600000, 0x0000000088b00000, 0x00000000d5d00000)
  object space 119808K, 39% used [0x0000000081600000,0x000000008440b540,0x0000000088b00000)
 Metaspace       used 16922K, capacity 17044K, committed 17152K, reserved 1064960K
  class space    used 1715K, capacity 1752K, committed 1792K, reserved 1048576K
GC Heap History (10 events):
Event: 4.512 GC heap after
Heap after GC invocations=6 (full 0):
 PSYoungGen      total 156672K, used 10130K [0x00000000d5d00000, 0x00000000e1000000, 0x0000000100000000)
  eden space 133120K, 0% used [0x00000000d5d00000,0x00000000d5d00000,0x00000000ddf00000)
  from space 23552K, 43% used [0x00000000df900000,0x00000000e02e4808,0x00000000e1000000)
  to   space 25088K, 0% used [0x00000000ddf00000,0x00000000ddf00000,0x00000000df780000)
 ParOldGen       total 87552K, used 40957K [0x0000000081600000, 0x0000000086b80000, 0x00000000d5d00000)
  object space 87552K, 46% used [0x0000000081600000,0x0000000083dff758,0x0000000086b80000)
 Metaspace       used 15393K, capacity 15528K, committed 15744K, reserved 1062912K
  class space    used 1618K, capacity 1654K, committed 1664K, reserved 1048576K
}
Event: 8.073 GC heap before
{Heap before GC invocations=7 (full 0):
 PSYoungGen      total 156672K, used 143250K [0x00000000d5d00000, 0x00000000e1000000, 0x0000000100000000)
  eden space 133120K, 100% used [0x00000000d5d00000,0x00000000ddf00000,0x00000000ddf00000)
  from space 23552K, 43% used [0x00000000df900000,0x00000000e02e4808,0x00000000e1000000)
  to   space 25088K, 0% used [0x00000000ddf00000,0x00000000ddf00000,0x00000000df780000)
 ParOldGen       total 87552K, used 40957K [0x0000000081600000, 0x0000000086b80000, 0x00000000d5d00000)
  object space 87552K, 46% used [0x0000000081600000,0x0000000083dff758,0x0000000086b80000)
 Metaspace       used 15708K, capacity 15784K, committed 16000K, reserved 1062912K
  class space    used 1623K, capacity 1654K, committed 1664K, reserved 1048576K
Event: 8.132 GC heap after
Heap after GC invocations=7 (full 0):
 PSYoungGen      total 158208K, used 11790K [0x00000000d5d00000, 0x00000000e8f00000, 0x0000000100000000)
  eden space 133120K, 0% used [0x00000000d5d00000,0x00000000d5d00000,0x00000000ddf00000)
  from space 25088K, 46% used [0x00000000ddf00000,0x00000000dea83878,0x00000000df780000)
  to   space 23552K, 0% used [0x00000000e7800000,0x00000000e7800000,0x00000000e8f00000)
 ParOldGen       total 87552K, used 42358K [0x0000000081600000, 0x0000000086b80000, 0x00000000d5d00000)
  object space 87552K, 48% used [0x0000000081600000,0x0000000083f5dbb8,0x0000000086b80000)
 Metaspace       used 15708K, capacity 15784K, committed 16000K, reserved 1062912K
  class space    used 1623K, capacity 1654K, committed 1664K, reserved 1048576K
}
Event: 11.676 GC heap before
{Heap before GC invocations=8 (full 0):
 PSYoungGen      total 158208K, used 144910K [0x00000000d5d00000, 0x00000000e8f00000, 0x0000000100000000)
  eden space 133120K, 100% used [0x00000000d5d00000,0x00000000ddf00000,0x00000000ddf00000)
  from space 25088K, 46% used [0x00000000ddf00000,0x00000000dea83878,0x00000000df780000)
  to   space 23552K, 0% used [0x00000000e7800000,0x00000000e7800000,0x00000000e8f00000)
 ParOldGen       total 87552K, used 42358K [0x0000000081600000, 0x0000000086b80000, 0x00000000d5d00000)
  object space 87552K, 48% used [0x0000000081600000,0x0000000083f5dbb8,0x0000000086b80000)
 Metaspace       used 15858K, capacity 15976K, committed 16000K, reserved 1062912K
  class space    used 1625K, capacity 1654K, committed 1664K, reserved 1048576K
Event: 11.698 GC heap after
Heap after GC invocations=8 (full 0):
 PSYoungGen      total 288768K, used 14241K [0x00000000d5d00000, 0x00000000e8e00000, 0x0000000100000000)
  eden space 266240K, 0% used [0x00000000d5d00000,0x00000000d5d00000,0x00000000e6100000)
  from space 22528K, 63% used [0x00000000e7800000,0x00000000e85e8410,0x00000000e8e00000)
  to   space 23040K, 0% used [0x00000000e6100000,0x00000000e6100000,0x00000000e7780000)
 ParOldGen       total 87552K, used 42665K [0x0000000081600000, 0x0000000086b80000, 0x00000000d5d00000)
  object space 87552K, 48% used [0x0000000081600000,0x0000000083faa430,0x0000000086b80000)
 Metaspace       used 15858K, capacity 15976K, committed 16000K, reserved 1062912K
  class space    used 1625K, capacity 1654K, committed 1664K, reserved 1048576K
}
Event: 16.166 GC heap before
{Heap before GC invocations=9 (full 0):
 PSYoungGen      total 288768K, used 280481K [0x00000000d5d00000, 0x00000000e8e00000, 0x0000000100000000)
  eden space 266240K, 100% used [0x00000000d5d00000,0x00000000e6100000,0x00000000e6100000)
  from space 22528K, 63% used [0x00000000e7800000,0x00000000e85e8410,0x00000000e8e00000)
  to   space 23040K, 0% used [0x00000000e6100000,0x00000000e6100000,0x00000000e7780000)
 ParOldGen       total 87552K, used 42665K [0x0000000081600000, 0x0000000086b80000, 0x00000000d5d00000)
  object space 87552K, 48% used [0x0000000081600000,0x0000000083faa430,0x0000000086b80000)
 Metaspace       used 16131K, capacity 16238K, committed 16256K, reserved 1064960K
  class space    used 1639K, capacity 1655K, committed 1664K, reserved 1048576K
Event: 16.221 GC heap after
Heap after GC invocations=9 (full 0):
 PSYoungGen      total 289280K, used 23031K [0x00000000d5d00000, 0x00000000f4400000, 0x0000000100000000)
  eden space 266240K, 0% used [0x00000000d5d00000,0x00000000d5d00000,0x00000000e6100000)
  from space 23040K, 99% used [0x00000000e6100000,0x00000000e777dcc8,0x00000000e7780000)
  to   space 36352K, 0% used [0x00000000f2080000,0x00000000f2080000,0x00000000f4400000)
 ParOldGen       total 87552K, used 68188K [0x0000000081600000, 0x0000000086b80000, 0x00000000d5d00000)
  object space 87552K, 77% used [0x0000000081600000,0x00000000858970a8,0x0000000086b80000)
 Metaspace       used 16131K, capacity 16238K, committed 16256K, reserved 1064960K
  class space    used 1639K, capacity 1655K, committed 1664K, reserved 1048576K
}
Event: 16.221 GC heap before
{Heap before GC invocations=10 (full 1):
 PSYoungGen      total 289280K, used 23031K [0x00000000d5d00000, 0x00000000f4400000, 0x0000000100000000)
  eden space 266240K, 0% used [0x00000000d5d00000,0x00000000d5d00000,0x00000000e6100000)
  from space 23040K, 99% used [0x00000000e6100000,0x00000000e777dcc8,0x00000000e7780000)
  to   space 36352K, 0% used [0x00000000f2080000,0x00000000f2080000,0x00000000f4400000)
 ParOldGen       total 87552K, used 68188K [0x0000000081600000, 0x0000000086b80000, 0x00000000d5d00000)
  object space 87552K, 77% used [0x0000000081600000,0x00000000858970a8,0x0000000086b80000)
 Metaspace       used 16131K, capacity 16238K, committed 16256K, reserved 1064960K
  class space    used 1639K, capacity 1655K, committed 1664K, reserved 1048576K
Event: 16.457 GC heap after
Heap after GC invocations=10 (full 1):
 PSYoungGen      total 289280K, used 0K [0x00000000d5d00000, 0x00000000f4400000, 0x0000000100000000)
  eden space 266240K, 0% used [0x00000000d5d00000,0x00000000d5d00000,0x00000000e6100000)
  from space 23040K, 0% used [0x00000000e6100000,0x00000000e6100000,0x00000000e7780000)
  to   space 36352K, 0% used [0x00000000f2080000,0x00000000f2080000,0x00000000f4400000)
 ParOldGen       total 119808K, used 47149K [0x0000000081600000, 0x0000000088b00000, 0x00000000d5d00000)
  object space 119808K, 39% used [0x0000000081600000,0x000000008440b540,0x0000000088b00000)
 Metaspace       used 16131K, capacity 16238K, committed 16256K, reserved 1064960K
  class space    used 1639K, capacity 1655K, committed 1664K, reserved 1048576K
}
Event: 21.803 GC heap before
{Heap before GC invocations=11 (full 1):
 PSYoungGen      total 289280K, used 266240K [0x00000000d5d00000, 0x00000000f4400000, 0x0000000100000000)
  eden space 266240K, 100% used [0x00000000d5d00000,0x00000000e6100000,0x00000000e6100000)
  from space 23040K, 0% used [0x00000000e6100000,0x00000000e6100000,0x00000000e7780000)
  to   space 36352K, 0% used [0x00000000f2080000,0x00000000f2080000,0x00000000f4400000)
 ParOldGen       total 119808K, used 47149K [0x0000000081600000, 0x0000000088b00000, 0x00000000d5d00000)
  object space 119808K, 39% used [0x0000000081600000,0x000000008440b540,0x0000000088b00000)
 Metaspace       used 16922K, capacity 17044K, committed 17152K, reserved 1064960K
  class space    used 1715K, capacity 1752K, committed 1792K, reserved 1048576K

